<?xml version="1.0" encoding="UTF-8"?>
<!-- Generated by org.testng.reporters.JUnitReportReporter -->
<testsuite hostname="DESKTOP-GJ6D9AP" failures="0" tests="1" name="orangehrm.CorrectUsername" time="13.559" errors="0" timestamp="2023-03-03T13:04:36 IST" skipped="0">
  <testcase classname="orangehrm.CorrectUsername" name="correctusernameexample" time="13.559"/>
  <system-out/>
</testsuite> <!-- orangehrm.CorrectUsername -->
