<?xml version="1.0" encoding="UTF-8"?>
<!-- Generated by org.testng.reporters.JUnitReportReporter -->
<testsuite hostname="DESKTOP-GJ6D9AP" failures="0" tests="1" name="orangehrm.CorrectPassword" time="12.545" errors="0" timestamp="2023-03-03T13:04:37 IST" skipped="0">
  <testcase classname="orangehrm.CorrectPassword" name="correctpasswordexample" time="12.545"/>
  <system-out/>
</testsuite> <!-- orangehrm.CorrectPassword -->
