<?xml version="1.0" encoding="UTF-8"?>
<!-- Generated by org.testng.reporters.JUnitReportReporter -->
<testsuite hostname="DESKTOP-GJ6D9AP" failures="0" tests="1" name="orangehrm.BothIncorrect" time="13.639" errors="0" timestamp="2023-03-03T13:04:36 IST" skipped="0">
  <testcase classname="orangehrm.BothIncorrect" name="bothincorrectexample" time="13.639"/>
  <system-out/>
</testsuite> <!-- orangehrm.BothIncorrect -->
