<?xml version="1.0" encoding="UTF-8"?>
<!-- Generated by org.testng.reporters.JUnitReportReporter -->
<testsuite hostname="DESKTOP-GJ6D9AP" failures="0" tests="4" name="orangehrm.UsingJXLExample" time="42.614" errors="0" timestamp="2023-03-03T13:33:14 IST" skipped="0">
  <testcase classname="orangehrm.UsingJXLExample" name="bothcorrectexample" time="10.440"/>
  <system-out/>
  <testcase classname="orangehrm.UsingJXLExample" name="bothcorrectexample" time="12.394"/>
  <system-out/>
  <testcase classname="orangehrm.UsingJXLExample" name="bothcorrectexample" time="10.033"/>
  <system-out/>
  <testcase classname="orangehrm.UsingJXLExample" name="bothcorrectexample" time="9.747"/>
  <system-out/>
</testsuite> <!-- orangehrm.UsingJXLExample -->
