<?xml version="1.0" encoding="UTF-8"?>
<!-- Generated by org.testng.reporters.JUnitReportReporter -->
<testsuite hostname="DESKTOP-GJ6D9AP" failures="0" tests="4" name="orangehrm.DataProviderExample" time="51.996" errors="0" timestamp="2023-03-03T13:09:10 IST" skipped="0">
  <testcase classname="orangehrm.DataProviderExample" name="bothcorrectexample" time="11.916"/>
  <system-out/>
  <testcase classname="orangehrm.DataProviderExample" name="bothcorrectexample" time="11.777"/>
  <system-out/>
  <testcase classname="orangehrm.DataProviderExample" name="bothcorrectexample" time="12.917"/>
  <system-out/>
  <testcase classname="orangehrm.DataProviderExample" name="bothcorrectexample" time="15.386"/>
  <system-out/>
</testsuite> <!-- orangehrm.DataProviderExample -->
